0 info it worked if it ends with ok
1 verbose cli [ '/usr/local/bin/node', '/usr/local/bin/npm', 'run', 'client' ]
2 info using npm@3.3.12
3 info using node@v5.5.0
4 verbose run-script [ 'preclient', 'client', 'postclient' ]
5 info lifecycle server@1.0.0~preclient: server@1.0.0
6 silly lifecycle server@1.0.0~preclient: no script for preclient, continuing
7 info lifecycle server@1.0.0~client: server@1.0.0
8 verbose lifecycle server@1.0.0~client: unsafe-perm in lifecycle true
9 verbose lifecycle server@1.0.0~client: PATH: /usr/local/lib/node_modules/npm/bin/node-gyp-bin:/Users/ziyangtan/Desktop/node-full-stack/server/node_modules/.bin:/usr/local/lib/node_modules/npm/bin/node-gyp-bin:/Users/ziyangtan/Desktop/node-full-stack/server/node_modules/.bin:/Users/ziyangtan/LIbrary/Android/sdk/platform-tools:/Users/ziyangtan/LIbrary/Android/sdk/tools:/Library/Java/JavaVirtualMachines/jdk1.8.0_92.jdk/Contents/Home/bin:/usr/local/bin:/usr/bin:/bin:/usr/sbin:/sbin
10 verbose lifecycle server@1.0.0~client: CWD: /Users/ziyangtan/Desktop/node-full-stack/server
11 silly lifecycle server@1.0.0~client: Args: [ '-c', 'npm run start --prefix client' ]
12 silly lifecycle server@1.0.0~client: Returned: code: 1  signal: null
13 info lifecycle server@1.0.0~client: Failed to exec client script
14 verbose stack Error: server@1.0.0 client: `npm run start --prefix client`
14 verbose stack Exit status 1
14 verbose stack     at EventEmitter.<anonymous> (/usr/local/lib/node_modules/npm/lib/utils/lifecycle.js:232:16)
14 verbose stack     at emitTwo (events.js:100:13)
14 verbose stack     at EventEmitter.emit (events.js:185:7)
14 verbose stack     at ChildProcess.<anonymous> (/usr/local/lib/node_modules/npm/lib/utils/spawn.js:24:14)
14 verbose stack     at emitTwo (events.js:100:13)
14 verbose stack     at ChildProcess.emit (events.js:185:7)
14 verbose stack     at maybeClose (internal/child_process.js:821:16)
14 verbose stack     at Process.ChildProcess._handle.onexit (internal/child_process.js:211:5)
15 verbose pkgid server@1.0.0
16 verbose cwd /Users/ziyangtan/Desktop/node-full-stack/server
17 error Darwin 16.7.0
18 error argv "/usr/local/bin/node" "/usr/local/bin/npm" "run" "client"
19 error node v5.5.0
20 error npm  v3.3.12
21 error code ELIFECYCLE
22 error server@1.0.0 client: `npm run start --prefix client`
22 error Exit status 1
23 error Failed at the server@1.0.0 client script 'npm run start --prefix client'.
23 error Make sure you have the latest version of node.js and npm installed.
23 error If you do, this is most likely a problem with the server package,
23 error not with npm itself.
23 error Tell the author that this fails on your system:
23 error     npm run start --prefix client
23 error You can get their info via:
23 error     npm owner ls server
23 error There is likely additional logging output above.
24 verbose exit [ 1, true ]
